<?xml version="1.0" encoding="UTF-8"?>
<coverage generated="1684847246455" clover="3.2.0">
  <project timestamp="1684847246455" name="All files">
    <metrics statements="6" coveredstatements="0" conditionals="8" coveredconditionals="0" methods="1" coveredmethods="0" elements="15" coveredelements="0" complexity="0" loc="6" ncloc="6" packages="1" files="1" classes="1"/>
    <file name="lifeStrip.js" path="C:\Users\Remar\PureFunctions-asj-4.1\src\lifeStrip.js">
      <metrics statements="6" coveredstatements="0" conditionals="8" coveredconditionals="0" methods="1" coveredmethods="0"/>
      <line num="3" count="0" type="cond" truecount="0" falsecount="2"/>
      <line num="4" count="0" type="stmt"/>
      <line num="5" count="0" type="cond" truecount="0" falsecount="4"/>
      <line num="6" count="0" type="stmt"/>
      <line num="7" count="0" type="cond" truecount="0" falsecount="2"/>
      <line num="8" count="0" type="stmt"/>
    </file>
  </project>
</coverage>
