{"C:\\Users\\Remar\\PureFunctions-asj-4.1\\src\\lifeStrip.js": {"path":"C:\\Users\\Remar\\PureFunctions-asj-4.1\\src\\lifeStrip.js","statementMap":{"0":{"start":{"line":3,"column":4},"end":{"line":9,"column":5}},"1":{"start":{"line":4,"column":8},"end":{"line":4,"column":25}},"2":{"start":{"line":5,"column":11},"end":{"line":9,"column":5}},"3":{"start":{"line":6,"column":8},"end":{"line":6,"column":25}},"4":{"start":{"line":7,"column":11},"end":{"line":9,"column":5}},"5":{"start":{"line":8,"column":8},"end":{"line":8,"column":26}}},"fnMap":{"0":{"name":"lifeStrip","decl":{"start":{"line":2,"column":16},"end":{"line":2,"column":25}},"loc":{"start":{"line":2,"column":32},"end":{"line":10,"column":1}},"line":2}},"branchMap":{"0":{"loc":{"start":{"line":3,"column":4},"end":{"line":9,"column":5}},"type":"if","locations":[{"start":{"line":3,"column":4},"end":{"line":9,"column":5}},{"start":{"line":5,"column":11},"end":{"line":9,"column":5}}],"line":3},"1":{"loc":{"start":{"line":5,"column":11},"end":{"line":9,"column":5}},"type":"if","locations":[{"start":{"line":5,"column":11},"end":{"line":9,"column":5}},{"start":{"line":7,"column":11},"end":{"line":9,"column":5}}],"line":5},"2":{"loc":{"start":{"line":5,"column":14},"end":{"line":5,"column":54}},"type":"binary-expr","locations":[{"start":{"line":5,"column":14},"end":{"line":5,"column":32}},{"start":{"line":5,"column":36},"end":{"line":5,"column":54}}],"line":5},"3":{"loc":{"start":{"line":7,"column":11},"end":{"line":9,"column":5}},"type":"if","locations":[{"start":{"line":7,"column":11},"end":{"line":9,"column":5}},{"start":{},"end":{}}],"line":7}},"s":{"0":3,"1":1,"2":2,"3":1,"4":1,"5":1},"f":{"0":3},"b":{"0":[1,2],"1":[1,1],"2":[2,1],"3":[1,0]},"_coverageSchema":"1a1c01bbd47fc00a2c39e90264f33305004495a9","hash":"aafd2e71e57f56c11224bf84440f482a24488096"}
}
